2019-09-30 17:21:48,275: INFO: ****PROCESSING START****
2019-09-30 17:40:40,906: INFO: Classifying file: data/s2_20180219_testsite_vegIndex_s1_object.tif
2019-09-30 17:40:40,928: INFO: Saved model     : default_rs_model.pkl
2019-09-30 17:40:55,658: INFO: Classifying file: data/s2_20180219_testsite_vegIndex_s1_object.tif
2019-09-30 17:40:55,658: INFO: Saved model     : default_rf_model.pkl
2019-09-30 17:40:55,672: WARNING: Sklearn joblib import failed,trying generic joblib
2019-09-30 17:40:56,438: INFO: Created classification image file: outputs/map_v1.tif
2019-09-30 17:40:56,459: INFO: Reshaping image from GDAL to Scikit-Learn dimensions
2019-09-30 17:40:56,459: INFO: Finding good pixels without missing values
2019-09-30 17:40:56,460: INFO: image_array.shape = (78332736, 13)
2019-09-30 17:41:41,334: INFO: No. good values: 8260510
2019-09-30 17:41:41,335: INFO: Filtering nodata values
2019-09-30 17:41:49,649: INFO:    All  samples: 78332736
2019-09-30 17:41:49,650: INFO:    Good samples: 8260510
2019-09-30 17:41:49,651: INFO:    Number of chunks 10 Chunk size 826051 Chunk residual 0
2019-09-30 17:41:49,651: INFO:    Classifying chunk 0 of size 826051
2019-09-30 17:41:52,945: INFO:    Classifying chunk 1 of size 826051
2019-09-30 17:41:56,209: INFO:    Classifying chunk 2 of size 826051
2019-09-30 17:41:59,479: INFO:    Classifying chunk 3 of size 826051
2019-09-30 17:42:02,741: INFO:    Classifying chunk 4 of size 826051
2019-09-30 17:42:06,012: INFO:    Classifying chunk 5 of size 826051
2019-09-30 17:42:09,412: INFO:    Classifying chunk 6 of size 826051
2019-09-30 17:42:12,811: INFO:    Classifying chunk 7 of size 826051
2019-09-30 17:42:16,197: INFO:    Classifying chunk 8 of size 826051
2019-09-30 17:42:19,581: INFO:    Classifying chunk 9 of size 826051
2019-09-30 17:42:22,864: INFO:    Creating class array of size 78332736
2019-09-30 17:42:22,967: INFO:    Creating GDAL class image
